<?xml version="1.0" encoding="UTF-8"?>
<testng-results skipped="0" failed="0" total="1" passed="1">
  <reporter-output>
  </reporter-output>
  <suite name="Suite" duration-ms="1627928" started-at="2020-05-14T14:05:13Z" finished-at="2020-05-14T14:32:21Z">
    <groups>
    </groups>
    <test name="Test" duration-ms="1627928" started-at="2020-05-14T14:05:13Z" finished-at="2020-05-14T14:32:21Z">
      <class name="com.test.controller.Runner2">
        <test-method status="PASS" signature="start()[pri:0, instance:com.test.controller.Runner2@50c87b21]" name="start" duration-ms="1627912" started-at="2020-05-14T10:05:13Z" finished-at="2020-05-14T10:32:21Z">
          <reporter-output>
          </reporter-output>
        </test-method> <!-- start -->
      </class> <!-- com.test.controller.Runner2 -->
    </test> <!-- Test -->
  </suite> <!-- Suite -->
</testng-results>
